0 0
0 0
275 371
0 0
0 0
0 0
0 0
0 0
182 378
0 0
261 379
0 0
0 0
293 395
293 395
0 0
356 216
0 0
0 0
455 197
0 0
0 0
203 260
0 0
0 0
0 0
0 0
566 123
0 0
0 0
0 0
0 0
234 174
0 0
0 0
617 128
617 128
0 0
0 0
0 0
0 0
0 0
0 0
617 132
0 0
0 0
0 0
0 0
0 0
192 129
0 0
0 0
619 401
0 0
0 0
0 0
628 385
0 0
174 274
174 274
0 0
0 0
0 0
567 329
567 329
0 0
0 0
276 322
0 0
0 0
0 0
0 0
0 0
202 134
202 134
0 0
0 0
509 335
0 0
0 0
527 316
0 0
0 0
0 0
0 0
0 0
0 0
0 0
0 0
144 345
0 0
0 0
0 0
0 0
0 0
0 0
0 0
0 0
0 0
0 0
0 0
0 0
268 312
0 0
0 0
0 0
123 215
123 215
0 0
0 0
0 0
97 216
0 0
0 0
0 0
0 0
0 0
182 236
0 0
0 0
0 0
0 0
65 405
0 0
0 0
65 405
65 405
65 405
65 405
65 405
65 405
65 405
0 0
0 0
0 0
0 0
262 303
0 0
0 0
0 0
0 0
116 271
0 0
0 0
0 0
0 0
0 0
200 226
0 0
0 0
0 0
184 133
0 0
0 0
0 0
147 244
0 0
0 0
0 0
0 0
0 0
0 0
0 0
0 0
0 0
0 0
0 0
0 0
0 0
0 0
0 0
0 0
0 0
276 317
0 0
122 280
0 0
0 0
187 235
0 0
0 0
0 0
0 0
193 124
0 0
0 0
0 0
512 333
0 0
0 0
0 0
535 272
0 0
0 0
504 269
0 0
0 0
0 0
91 269
0 0
0 0
0 0
0 0
0 0
0 0
0 0
0 0
0 0
0 0
257 306
0 0
0 0
195 242
195 242
0 0
0 0
0 0
70 389
0 0
70 389
0 0
0 0
0 0
0 0
0 0
0 0
70 389
0 0
0 0
70 389
0 0
70 389
0 0
70 389
0 0
0 0
0 0
0 0
0 0
0 0
0 0
275 305
0 0
119 258
120 256
0 0
0 0
208 215
209 209
0 0
0 0
0 0
0 0
0 0
0 0
0 0
192 138
192 138
0 0
0 0
494 321
494 320
0 0
0 0
156 339
0 0
0 0
0 0
0 0
0 0
0 0
0 0
0 0
0 0
0 0
0 0
0 0
0 0
0 0
0 0
0 0
0 0
0 0
0 0
0 0
0 0
0 0
0 0
0 0
0 0
0 0
0 0
0 0
0 0
560 354
560 354
0 0
0 0
0 0
0 0
0 0
0 0
0 0
568 356
0 0
0 0
377 134
0 0
377 134
0 0
0 0
0 0
0 0
0 0
0 0
398 135
398 135
0 0
0 0
0 0
0 0
0 0
0 0
0 0
114 263
114 263
0 0
109 326
0 0
117 320
0 0
0 0
87 331
0 0
0 0
136 271
0 0
359 247
0 0
0 0
0 0
0 0
0 0
0 0
0 0
0 0
0 0
0 0
0 0
0 0
0 0
0 0
0 0
0 0
0 0
0 0
0 0
0 0
0 0
0 0
0 0
0 0
0 0
0 0
0 0
0 0
0 0
0 0
0 0
0 0
0 0
0 0
0 0
0 0
0 0
0 0
0 0
0 0
0 0
0 0
0 0
0 0
0 0
0 0
0 0
0 0
0 0
0 0
0 0
611 123
0 0
0 0
0 0
171 209
0 0
0 0
171 209
171 209
0 0
0 0
180 202
0 0
0 0
506 308
0 0
0 0
521 318
0 0
486 320
0 0
0 0
514 320
0 0
0 0
518 275
0 0
496 276
0 0
0 0
0 0
170 299
0 0
0 0
0 0
0 0
0 0
0 0
0 0
0 0
0 0
0 0
0 0
0 0
0 0
0 0
0 0
0 0
0 0
0 0
0 0
0 0
0 0
0 0
279 239
0 0
332 254
332 254
0 0
0 0
0 0
0 0
0 0
0 0
0 0
0 0
0 0
0 0
0 0
613 332
0 0
0 0
0 0
293 291
0 0
298 267
0 0
0 0
0 0
115 325
0 0
0 0
136 320
0 0
0 0
108 263
0 0
0 0
126 271
0 0
0 0
0 0
92 269
91 268
0 0
0 0
0 0
0 0
0 0
0 0
0 0
0 0
0 0
0 0
0 0
0 0
0 0
0 0
0 0
0 0
0 0
0 0
0 0
0 0
0 0
0 0
0 0
0 0
0 0
0 0
0 0
0 0
0 0
0 0
0 0
0 0
0 0
0 0
0 0
0 0
0 0
0 0
0 0
0 0
0 0
0 0
0 0
0 0
615 114
0 0
0 0
201 188
0 0
208 175
208 175
0 0
0 0
515 328
0 0
532 309
0 0
505 323
0 0
0 0
0 0
493 324
0 0
512 274
0 0
527 276
0 0
226 323
0 0
0 0
0 0
0 0
0 0
0 0
0 0
0 0
0 0
0 0
0 0
0 0
0 0
0 0
0 0
0 0
0 0
0 0
0 0
0 0
0 0
0 0
0 0
0 0
0 0
0 0
0 0
0 0
0 0
0 0
0 0
0 0
0 0
0 0
0 0
0 0
0 0
0 0
0 0
0 0
0 0
0 0
0 0
0 0
0 0
0 0
0 0
0 0
0 0
0 0
0 0
0 0
0 0
0 0
0 0
0 0
0 0
0 0
0 0
0 0
0 0
0 0
0 0
0 0
0 0
0 0
0 0
0 0
369 127
0 0
0 0
0 0
0 0
0 0
0 0
0 0
0 0
0 0
0 0
0 0
0 0
0 0
112 324
0 0
0 0
0 0
136 315
0 0
88 313
88 313
88 313
0 0
0 0
120 333
120 333
120 333
0 0
110 322
110 322
110 322
110 322
110 322
110 322
0 0
148 326
135 326
0 0
0 0
0 0
0 0
0 0
0 0
0 0
0 0
0 0
611 180
0 0
0 0
0 0
0 0
199 99
0 0
0 0
211 89
0 0
0 0
0 0
496 270
0 0
518 270
0 0
0 0
0 0
0 0
527 223
0 0
495 223
0 0
526 229
0 0
532 211
0 0
0 0
146 301
0 0
0 0
0 0
0 0
0 0
0 0
0 0
0 0
0 0
0 0
0 0
0 0
0 0
0 0
0 0
0 0
0 0
0 0
0 0
0 0
0 0
0 0
0 0
0 0
0 0
0 0
0 0
0 0
0 0
0 0
0 0
0 0
0 0
0 0
0 0
0 0
0 0
0 0
0 0
0 0
0 0
0 0
0 0
0 0
0 0
0 0
0 0
0 0
0 0
0 0
0 0
0 0
0 0
0 0
0 0
0 0
0 0
0 0
0 0
0 0
0 0
0 0
0 0
0 0
0 0
0 0
0 0
0 0
0 0
0 0
0 0
0 0
0 0
0 0
0 0
146 301
0 0
0 0
0 0
0 0
0 0
0 0
0 0
0 0
0 0
0 0
0 0
0 0
0 0
0 0
0 0
0 0
0 0
0 0
0 0
0 0
0 0
0 0
0 0
0 0
0 0
0 0
0 0
0 0
0 0
0 0
0 0
0 0
0 0
0 0
0 0
244 222
0 0
0 0
249 208
0 0
412 314
424 293
460 227
0 0
0 0
0 0
0 0
0 0
0 0
0 0
0 0
0 0
0 0
0 0
0 0
0 0
0 0
0 0
0 0
0 0
0 0
0 0
0 0
0 0
0 0
0 0
0 0
0 0
0 0
0 0
0 0
0 0
0 0
0 0
0 0
0 0
0 0
0 0
0 0
0 0
0 0
0 0
0 0
0 0
0 0
0 0
367 146
346 173
0 0
0 0
611 120
0 0
0 0
123 173
0 0
0 0
0 0
0 0
518 314
0 0
531 316
0 0
491 319
514 333
0 0
501 313
526 329
526 311
0 0
526 334
0 0
517 313
0 0
531 269
531 270
0 0
514 277
0 0
0 0
0 0
0 0
0 0
0 0
0 0
0 0
0 0
0 0
0 0
0 0
0 0
0 0
0 0
0 0
0 0
0 0
0 0
0 0
0 0
0 0
0 0
0 0
0 0
519 324
0 0
0 0
0 0
0 0
339 209
0 0
0 0
0 0
0 0
0 0
0 0
0 0
0 0
0 0
0 0
0 0
0 0
0 0
0 0
0 0
0 0
0 0
0 0
0 0
0 0
0 0
0 0
0 0
0 0
0 0
0 0
0 0
0 0
0 0
0 0
311 362
0 0
284 354
0 0
0 0
0 0
0 0
0 0
